<?xml version="1.0" encoding="UTF-8"?>
<!-- Generated by org.testng.reporters.JUnitReportReporter -->
<testsuite hostname="PARAM" failures="0" tests="1" name="com.testautomation.TestRunner.TestRunner" time="22.771" errors="0" timestamp="10 Feb 2020 16:57:18 GMT">
  <testcase classname="com.testautomation.TestRunner.TestRunner" name="feature" time="22.771"/>
</testsuite> <!-- com.testautomation.TestRunner.TestRunner -->
